<?xml version="1.0" encoding="UTF-8"?>
<!-- Generated by org.testng.reporters.JUnitReportReporter -->
<testsuite hostname="IDS-Dineshkumart" failures="0" tests="4" name="com.test.LoginTest_1" time="31.641" errors="0" timestamp="2024-02-29T09:34:10 IST" skipped="0">
  <testcase classname="com.test.LoginTest_1" name="login" time="11.621"/>
  <testcase classname="com.test.LoginTest_1" name="login" time="6.624"/>
  <testcase classname="com.test.LoginTest_1" name="login" time="6.556"/>
  <testcase classname="com.test.LoginTest_1" name="login" time="6.840"/>
</testsuite> <!-- com.test.LoginTest_1 -->
